app/build/intermediates/manifest_merge_blame_file/debug/manifest-merger-blame-debug-report.txt
1<?xml version="1.0" encoding="utf-8"?>
2<manifest xmlns:android="http://schemas.android.com/apk/res/android"
3    package="com.example.Msme_kart"
4    android:versionCode="1"
5    android:versionName="1.0" >
6
7    <uses-sdk
8        android:minSdkVersion="24"
8-->src\main\AndroidManifest.xml
9        android:targetSdkVersion="29" />
9-->src\main\AndroidManifest.xml
10
11    <uses-permission android:name="android.permission.WAKE_LOCK" />
11-->src\main\AndroidManifest.xml:63:5-68
11-->src\main\AndroidManifest.xml:63:22-65
12    <uses-permission android:name="android.permission.ACCESS_FINE_LOCATION" />
12-->src\main\AndroidManifest.xml:64:5-79
12-->src\main\AndroidManifest.xml:64:22-76
13    <uses-permission android:name="android.permission.ACCESS_NOTIFICATION_POLICY" />
13-->src\main\AndroidManifest.xml:65:5-85
13-->src\main\AndroidManifest.xml:65:22-82
14    <uses-permission android:name="android.permission.ACCESS_COARSE_LOCATION" />
14-->src\main\AndroidManifest.xml:66:5-81
14-->src\main\AndroidManifest.xml:66:22-78
15    <uses-permission android:name="android.permission.ACCESS_NETWORK_STATE" />
15-->src\main\AndroidManifest.xml:67:5-79
15-->src\main\AndroidManifest.xml:67:22-76
16    <uses-permission android:name="android.permission.ACCESS_BACKGROUND_LOCATION" />
16-->src\main\AndroidManifest.xml:68:5-85
16-->src\main\AndroidManifest.xml:68:22-82
17    <uses-permission android:name="android.permission.INTERNET" />
17-->src\main\AndroidManifest.xml:69:5-67
17-->src\main\AndroidManifest.xml:69:22-64
18    <uses-permission android:name="android.permission.READ_EXTERNAL_STORAGE" />
18-->src\main\AndroidManifest.xml:70:5-80
18-->src\main\AndroidManifest.xml:70:22-77
19    <uses-permission android:name="android.permission.WRITE_EXTERNAL_STORAGE" />
19-->src\main\AndroidManifest.xml:71:5-81
19-->src\main\AndroidManifest.xml:71:22-78
20    <uses-permission android:name="android.permission.CAMERA" />
20-->src\main\AndroidManifest.xml:72:5-65
20-->src\main\AndroidManifest.xml:72:22-62
21
22    <!-- Required by older versions of Google Play services to create IID tokens -->
23    <uses-permission android:name="com.google.android.c2dm.permission.RECEIVE" />
23-->[com.google.firebase:firebase-iid:21.0.0] AndroidManifest.xml:26:5-82
23-->[com.google.firebase:firebase-iid:21.0.0] AndroidManifest.xml:26:22-79
24    <uses-permission android:name="com.google.android.finsky.permission.BIND_GET_INSTALL_REFERRER_SERVICE" />
24-->[com.google.android.gms:play-services-measurement:18.0.0] AndroidManifest.xml:26:5-110
24-->[com.google.android.gms:play-services-measurement:18.0.0] AndroidManifest.xml:26:22-107
25
26    <application
26-->src\main\AndroidManifest.xml:6:5-59:19
27        android:allowBackup="true"
27-->src\main\AndroidManifest.xml:7:9-35
28        android:appComponentFactory="androidx.core.app.CoreComponentFactory"
28-->[androidx.core:core:1.1.0] AndroidManifest.xml:24:18-86
29        android:debuggable="true"
30        android:extractNativeLibs="false"
31        android:icon="@mipmap/ic_launcher"
31-->src\main\AndroidManifest.xml:8:9-43
32        android:label="@string/app_name"
32-->src\main\AndroidManifest.xml:9:9-41
33        android:roundIcon="@mipmap/ic_launcher_round"
33-->src\main\AndroidManifest.xml:10:9-54
34        android:supportsRtl="true"
34-->src\main\AndroidManifest.xml:11:9-35
35        android:theme="@style/AppTheme" >
35-->src\main\AndroidManifest.xml:12:9-40
36
37        <!--
38               Set to true if your app is Standalone, that is, it does not require the handheld
39               app to run.
40        -->
41        <activity android:name="com.example.MSME_Kart.ApplicationLayer.PaypalPaymentGateway" />
41-->src\main\AndroidManifest.xml:19:9-96
41-->src\main\AndroidManifest.xml:19:19-93
42        <activity android:name="com.example.MSME_Kart.ApplicationLayer.DIYActivityTwo" />
42-->src\main\AndroidManifest.xml:21:9-90
42-->src\main\AndroidManifest.xml:21:19-87
43        <activity android:name="com.example.MSME_Kart.ApplicationLayer.ClothingActivityTwo" />
43-->src\main\AndroidManifest.xml:22:9-95
43-->src\main\AndroidManifest.xml:22:19-92
44        <activity android:name="com.example.MSME_Kart.ApplicationLayer.PaymentActivity" />
44-->src\main\AndroidManifest.xml:23:9-91
44-->src\main\AndroidManifest.xml:23:19-88
45        <activity android:name="com.example.MSME_Kart.ApplicationLayer.CheckComplaints" />
45-->src\main\AndroidManifest.xml:24:9-91
45-->src\main\AndroidManifest.xml:24:19-88
46        <activity android:name="com.example.MSME_Kart.ApplicationLayer.SubmitComplaint" />
46-->src\main\AndroidManifest.xml:25:9-91
46-->src\main\AndroidManifest.xml:25:19-88
47        <activity android:name="com.example.MSME_Kart.ApplicationLayer.ContactUsActivity" />
47-->src\main\AndroidManifest.xml:26:9-93
47-->src\main\AndroidManifest.xml:26:19-90
48        <activity android:name="com.example.MSME_Kart.ApplicationLayer.SportsAndOutdoorsActivityTwo" />
48-->src\main\AndroidManifest.xml:27:9-104
48-->src\main\AndroidManifest.xml:27:19-101
49        <activity android:name="com.example.MSME_Kart.ApplicationLayer.TechActivityTwo" />
49-->src\main\AndroidManifest.xml:28:9-91
49-->src\main\AndroidManifest.xml:28:19-88
50        <activity android:name="com.example.MSME_Kart.ApplicationLayer.BasketActivity" />
50-->src\main\AndroidManifest.xml:29:9-90
50-->src\main\AndroidManifest.xml:29:19-87
51        <activity android:name="com.example.MSME_Kart.ApplicationLayer.MainActivity" />
51-->src\main\AndroidManifest.xml:30:9-87
51-->src\main\AndroidManifest.xml:30:19-85
52        <activity android:name="com.example.MSME_Kart.ApplicationLayer.DIYActivity" />
52-->src\main\AndroidManifest.xml:31:9-87
52-->src\main\AndroidManifest.xml:31:19-84
53        <activity android:name="com.example.MSME_Kart.ApplicationLayer.ClothingCategory" />
53-->src\main\AndroidManifest.xml:32:9-92
53-->src\main\AndroidManifest.xml:32:19-89
54        <activity android:name="com.example.MSME_Kart.ApplicationLayer.TechActivity" />
54-->src\main\AndroidManifest.xml:33:9-88
54-->src\main\AndroidManifest.xml:33:19-85
55        <activity android:name="com.example.MSME_Kart.ApplicationLayer.SportsAndOutdoorsActivity" />
55-->src\main\AndroidManifest.xml:34:9-101
55-->src\main\AndroidManifest.xml:34:19-98
56        <activity android:name="com.example.MSME_Kart.ApplicationLayer.RegisterActivity" />
56-->src\main\AndroidManifest.xml:35:9-92
56-->src\main\AndroidManifest.xml:35:19-89
57        <activity android:name="com.example.MSME_Kart.ApplicationLayer.LoginActivity" >
57-->src\main\AndroidManifest.xml:37:9-43:20
57-->src\main\AndroidManifest.xml:37:19-86
58            <intent-filter>
58-->src\main\AndroidManifest.xml:38:13-42:29
59                <action android:name="android.intent.action.MAIN" />
59-->src\main\AndroidManifest.xml:39:17-69
59-->src\main\AndroidManifest.xml:39:25-66
60
61                <category android:name="android.intent.category.LAUNCHER" />
61-->src\main\AndroidManifest.xml:41:17-77
61-->src\main\AndroidManifest.xml:41:27-74
62            </intent-filter>
63        </activity>
64        <activity
64-->src\main\AndroidManifest.xml:44:9-46:61
65            android:name="com.example.MSME_Kart.ChatActivity"
65-->src\main\AndroidManifest.xml:45:13-62
66            android:screenOrientation="portrait" />
66-->src\main\AndroidManifest.xml:46:13-49
67        <activity
67-->src\main\AndroidManifest.xml:47:9-50:25
68            android:name="com.example.MSME_Kart.SplashActivity"
68-->src\main\AndroidManifest.xml:48:13-64
69            android:screenOrientation="portrait" />
69-->src\main\AndroidManifest.xml:49:13-49
70
71        <meta-data
71-->src\main\AndroidManifest.xml:54:9-56:57
72            android:name="preloaded_fonts"
72-->src\main\AndroidManifest.xml:55:13-43
73            android:resource="@array/preloaded_fonts" />
73-->src\main\AndroidManifest.xml:56:13-54
74
75        <provider
75-->[com.ibm.watson.developer_cloud:android-sdk:0.5.0] AndroidManifest.xml:12:9-21:20
76            android:name="androidx.core.content.FileProvider"
76-->[com.ibm.watson.developer_cloud:android-sdk:0.5.0] AndroidManifest.xml:13:13-62
77            android:authorities="com.ibm.watson.developer_cloud.android.provider"
77-->[com.ibm.watson.developer_cloud:android-sdk:0.5.0] AndroidManifest.xml:14:13-82
78            android:exported="false"
78-->[com.ibm.watson.developer_cloud:android-sdk:0.5.0] AndroidManifest.xml:15:13-37
79            android:grantUriPermissions="true" >
79-->[com.ibm.watson.developer_cloud:android-sdk:0.5.0] AndroidManifest.xml:16:13-47
80            <meta-data
80-->[com.ibm.watson.developer_cloud:android-sdk:0.5.0] AndroidManifest.xml:17:13-20:25
81                android:name="android.support.FILE_PROVIDER_PATHS"
81-->[com.ibm.watson.developer_cloud:android-sdk:0.5.0] AndroidManifest.xml:18:17-67
82                android:resource="@xml/provider_paths" >
82-->[com.ibm.watson.developer_cloud:android-sdk:0.5.0] AndroidManifest.xml:19:17-55
83            </meta-data>
84        </provider>
85        <!--
86             FirebaseMessagingService performs security checks at runtime,
87             but set to not exported to explicitly avoid allowing another app to call it.
88        -->
89        <service
89-->[com.google.firebase:firebase-messaging:21.0.0] AndroidManifest.xml:28:9-35:19
90            android:name="com.google.firebase.messaging.FirebaseMessagingService"
90-->[com.google.firebase:firebase-messaging:21.0.0] AndroidManifest.xml:29:13-82
91            android:directBootAware="true"
91-->[com.google.firebase:firebase-messaging:21.0.0] AndroidManifest.xml:30:13-43
92            android:exported="false" >
92-->[com.google.firebase:firebase-messaging:21.0.0] AndroidManifest.xml:31:13-37
93            <intent-filter android:priority="-500" >
93-->[com.google.firebase:firebase-messaging:21.0.0] AndroidManifest.xml:32:13-34:29
93-->[com.google.firebase:firebase-messaging:21.0.0] AndroidManifest.xml:32:28-51
94                <action android:name="com.google.firebase.MESSAGING_EVENT" />
94-->[com.google.firebase:firebase-messaging:21.0.0] AndroidManifest.xml:33:17-78
94-->[com.google.firebase:firebase-messaging:21.0.0] AndroidManifest.xml:33:25-75
95            </intent-filter>
96        </service>
97        <service
97-->[com.google.firebase:firebase-messaging:21.0.0] AndroidManifest.xml:36:9-42:19
98            android:name="com.google.firebase.components.ComponentDiscoveryService"
98-->[com.google.firebase:firebase-messaging:21.0.0] AndroidManifest.xml:37:13-84
99            android:directBootAware="true"
99-->[com.google.firebase:firebase-common:19.4.0] AndroidManifest.xml:35:13-43
100            android:exported="false" >
100-->[com.google.firebase:firebase-messaging:21.0.0] AndroidManifest.xml:38:13-37
101            <meta-data
101-->[com.google.firebase:firebase-messaging:21.0.0] AndroidManifest.xml:39:13-41:85
102                android:name="com.google.firebase.components:com.google.firebase.messaging.FirebaseMessagingRegistrar"
102-->[com.google.firebase:firebase-messaging:21.0.0] AndroidManifest.xml:40:17-119
103                android:value="com.google.firebase.components.ComponentRegistrar" />
103-->[com.google.firebase:firebase-messaging:21.0.0] AndroidManifest.xml:41:17-82
104            <meta-data
104-->[com.google.firebase:firebase-storage:19.2.0] AndroidManifest.xml:33:13-35:85
105                android:name="com.google.firebase.components:com.google.firebase.storage.StorageRegistrar"
105-->[com.google.firebase:firebase-storage:19.2.0] AndroidManifest.xml:34:17-107
106                android:value="com.google.firebase.components.ComponentRegistrar" />
106-->[com.google.firebase:firebase-storage:19.2.0] AndroidManifest.xml:35:17-82
107            <meta-data
107-->[com.google.firebase:firebase-database:19.5.1] AndroidManifest.xml:32:13-34:85
108                android:name="com.google.firebase.components:com.google.firebase.database.DatabaseRegistrar"
108-->[com.google.firebase:firebase-database:19.5.1] AndroidManifest.xml:33:17-109
109                android:value="com.google.firebase.components.ComponentRegistrar" />
109-->[com.google.firebase:firebase-database:19.5.1] AndroidManifest.xml:34:17-82
110            <meta-data
110-->[com.google.firebase:firebase-firestore:22.0.0] AndroidManifest.xml:20:13-22:85
111                android:name="com.google.firebase.components:com.google.firebase.firestore.FirestoreRegistrar"
111-->[com.google.firebase:firebase-firestore:22.0.0] AndroidManifest.xml:21:17-111
112                android:value="com.google.firebase.components.ComponentRegistrar" />
112-->[com.google.firebase:firebase-firestore:22.0.0] AndroidManifest.xml:22:17-82
113            <meta-data
113-->[com.google.firebase:firebase-auth:20.0.1] AndroidManifest.xml:77:13-79:85
114                android:name="com.google.firebase.components:com.google.firebase.auth.FirebaseAuthRegistrar"
114-->[com.google.firebase:firebase-auth:20.0.1] AndroidManifest.xml:78:17-109
115                android:value="com.google.firebase.components.ComponentRegistrar" />
115-->[com.google.firebase:firebase-auth:20.0.1] AndroidManifest.xml:79:17-82
116            <meta-data
116-->[com.google.firebase:firebase-iid:21.0.0] AndroidManifest.xml:32:13-34:85
117                android:name="com.google.firebase.components:com.google.firebase.iid.Registrar"
117-->[com.google.firebase:firebase-iid:21.0.0] AndroidManifest.xml:33:17-96
118                android:value="com.google.firebase.components.ComponentRegistrar" />
118-->[com.google.firebase:firebase-iid:21.0.0] AndroidManifest.xml:34:17-82
119            <meta-data
119-->[com.google.android.gms:play-services-measurement-api:18.0.0] AndroidManifest.xml:30:13-32:85
120                android:name="com.google.firebase.components:com.google.firebase.analytics.connector.internal.AnalyticsConnectorRegistrar"
120-->[com.google.android.gms:play-services-measurement-api:18.0.0] AndroidManifest.xml:31:17-139
121                android:value="com.google.firebase.components.ComponentRegistrar" />
121-->[com.google.android.gms:play-services-measurement-api:18.0.0] AndroidManifest.xml:32:17-82
122            <meta-data
122-->[com.google.firebase:firebase-datatransport:17.0.3] AndroidManifest.xml:28:13-30:85
123                android:name="com.google.firebase.components:com.google.firebase.datatransport.TransportRegistrar"
123-->[com.google.firebase:firebase-datatransport:17.0.3] AndroidManifest.xml:29:17-115
124                android:value="com.google.firebase.components.ComponentRegistrar" />
124-->[com.google.firebase:firebase-datatransport:17.0.3] AndroidManifest.xml:30:17-82
125            <meta-data
125-->[com.google.firebase:firebase-installations:16.3.4] AndroidManifest.xml:18:13-20:85
126                android:name="com.google.firebase.components:com.google.firebase.installations.FirebaseInstallationsRegistrar"
126-->[com.google.firebase:firebase-installations:16.3.4] AndroidManifest.xml:19:17-127
127                android:value="com.google.firebase.components.ComponentRegistrar" />
127-->[com.google.firebase:firebase-installations:16.3.4] AndroidManifest.xml:20:17-82
128        </service>
129
130        <activity
130-->[com.google.android.gms:play-services-auth:18.0.0] AndroidManifest.xml:23:9-27:75
131            android:name="com.google.android.gms.auth.api.signin.internal.SignInHubActivity"
131-->[com.google.android.gms:play-services-auth:18.0.0] AndroidManifest.xml:24:13-93
132            android:excludeFromRecents="true"
132-->[com.google.android.gms:play-services-auth:18.0.0] AndroidManifest.xml:25:13-46
133            android:exported="false"
133-->[com.google.android.gms:play-services-auth:18.0.0] AndroidManifest.xml:26:13-37
134            android:theme="@android:style/Theme.Translucent.NoTitleBar" />
134-->[com.google.android.gms:play-services-auth:18.0.0] AndroidManifest.xml:27:13-72
135        <!--
136            Service handling Google Sign-In user revocation. For apps that do not integrate with
137            Google Sign-In, this service will never be started.
138        -->
139        <service
139-->[com.google.android.gms:play-services-auth:18.0.0] AndroidManifest.xml:33:9-36:110
140            android:name="com.google.android.gms.auth.api.signin.RevocationBoundService"
140-->[com.google.android.gms:play-services-auth:18.0.0] AndroidManifest.xml:34:13-89
141            android:exported="true"
141-->[com.google.android.gms:play-services-auth:18.0.0] AndroidManifest.xml:35:13-36
142            android:permission="com.google.android.gms.auth.api.signin.permission.REVOCATION_NOTIFICATION" />
142-->[com.google.android.gms:play-services-auth:18.0.0] AndroidManifest.xml:36:13-107
143
144        <activity
144-->[com.google.firebase:firebase-auth:20.0.1] AndroidManifest.xml:27:9-44:20
145            android:name="com.google.firebase.auth.internal.GenericIdpActivity"
145-->[com.google.firebase:firebase-auth:20.0.1] AndroidManifest.xml:28:13-80
146            android:excludeFromRecents="true"
146-->[com.google.firebase:firebase-auth:20.0.1] AndroidManifest.xml:29:13-46
147            android:exported="true"
147-->[com.google.firebase:firebase-auth:20.0.1] AndroidManifest.xml:30:13-36
148            android:launchMode="singleTask"
148-->[com.google.firebase:firebase-auth:20.0.1] AndroidManifest.xml:31:13-44
149            android:theme="@android:style/Theme.Translucent.NoTitleBar" >
149-->[com.google.firebase:firebase-auth:20.0.1] AndroidManifest.xml:32:13-72
150            <intent-filter>
150-->[com.google.firebase:firebase-auth:20.0.1] AndroidManifest.xml:33:13-43:29
151                <action android:name="android.intent.action.VIEW" />
151-->[com.google.firebase:firebase-auth:20.0.1] AndroidManifest.xml:34:17-69
151-->[com.google.firebase:firebase-auth:20.0.1] AndroidManifest.xml:34:25-66
152
153                <category android:name="android.intent.category.DEFAULT" />
153-->[com.google.firebase:firebase-auth:20.0.1] AndroidManifest.xml:36:17-76
153-->[com.google.firebase:firebase-auth:20.0.1] AndroidManifest.xml:36:27-73
154                <category android:name="android.intent.category.BROWSABLE" />
154-->[com.google.firebase:firebase-auth:20.0.1] AndroidManifest.xml:37:17-78
154-->[com.google.firebase:firebase-auth:20.0.1] AndroidManifest.xml:37:27-75
155
156                <data
156-->[com.google.firebase:firebase-auth:20.0.1] AndroidManifest.xml:39:17-42:51
157                    android:host="firebase.auth"
157-->[com.google.firebase:firebase-auth:20.0.1] AndroidManifest.xml:40:21-49
158                    android:path="/"
158-->[com.google.firebase:firebase-auth:20.0.1] AndroidManifest.xml:41:21-37
159                    android:scheme="genericidp" />
159-->[com.google.firebase:firebase-auth:20.0.1] AndroidManifest.xml:42:21-48
160            </intent-filter>
161        </activity>
162        <activity
162-->[com.google.firebase:firebase-auth:20.0.1] AndroidManifest.xml:45:9-62:20
163            android:name="com.google.firebase.auth.internal.RecaptchaActivity"
163-->[com.google.firebase:firebase-auth:20.0.1] AndroidManifest.xml:46:13-79
164            android:excludeFromRecents="true"
164-->[com.google.firebase:firebase-auth:20.0.1] AndroidManifest.xml:47:13-46
165            android:exported="true"
165-->[com.google.firebase:firebase-auth:20.0.1] AndroidManifest.xml:48:13-36
166            android:launchMode="singleTask"
166-->[com.google.firebase:firebase-auth:20.0.1] AndroidManifest.xml:49:13-44
167            android:theme="@android:style/Theme.Translucent.NoTitleBar" >
167-->[com.google.firebase:firebase-auth:20.0.1] AndroidManifest.xml:50:13-72
168            <intent-filter>
168-->[com.google.firebase:firebase-auth:20.0.1] AndroidManifest.xml:51:13-61:29
169                <action android:name="android.intent.action.VIEW" />
169-->[com.google.firebase:firebase-auth:20.0.1] AndroidManifest.xml:34:17-69
169-->[com.google.firebase:firebase-auth:20.0.1] AndroidManifest.xml:34:25-66
170
171                <category android:name="android.intent.category.DEFAULT" />
171-->[com.google.firebase:firebase-auth:20.0.1] AndroidManifest.xml:36:17-76
171-->[com.google.firebase:firebase-auth:20.0.1] AndroidManifest.xml:36:27-73
172                <category android:name="android.intent.category.BROWSABLE" />
172-->[com.google.firebase:firebase-auth:20.0.1] AndroidManifest.xml:37:17-78
172-->[com.google.firebase:firebase-auth:20.0.1] AndroidManifest.xml:37:27-75
173
174                <data
174-->[com.google.firebase:firebase-auth:20.0.1] AndroidManifest.xml:39:17-42:51
175                    android:host="firebase.auth"
175-->[com.google.firebase:firebase-auth:20.0.1] AndroidManifest.xml:40:21-49
176                    android:path="/"
176-->[com.google.firebase:firebase-auth:20.0.1] AndroidManifest.xml:41:21-37
177                    android:scheme="recaptcha" />
177-->[com.google.firebase:firebase-auth:20.0.1] AndroidManifest.xml:42:21-48
178            </intent-filter>
179        </activity>
180
181        <service
181-->[com.google.firebase:firebase-auth:20.0.1] AndroidManifest.xml:64:9-73:19
182            android:name="com.google.firebase.auth.api.fallback.service.FirebaseAuthFallbackService"
182-->[com.google.firebase:firebase-auth:20.0.1] AndroidManifest.xml:65:13-101
183            android:enabled="true"
183-->[com.google.firebase:firebase-auth:20.0.1] AndroidManifest.xml:66:13-35
184            android:exported="false" >
184-->[com.google.firebase:firebase-auth:20.0.1] AndroidManifest.xml:67:13-37
185            <intent-filter>
185-->[com.google.firebase:firebase-auth:20.0.1] AndroidManifest.xml:68:13-72:29
186                <action android:name="com.google.firebase.auth.api.gms.service.START" />
186-->[com.google.firebase:firebase-auth:20.0.1] AndroidManifest.xml:69:17-89
186-->[com.google.firebase:firebase-auth:20.0.1] AndroidManifest.xml:69:25-86
187
188                <category android:name="android.intent.category.DEFAULT" />
188-->[com.google.firebase:firebase-auth:20.0.1] AndroidManifest.xml:36:17-76
188-->[com.google.firebase:firebase-auth:20.0.1] AndroidManifest.xml:36:27-73
189            </intent-filter>
190        </service>
191        <service
191-->[androidx.room:room-runtime:2.2.3] AndroidManifest.xml:25:9-27:40
192            android:name="androidx.room.MultiInstanceInvalidationService"
192-->[androidx.room:room-runtime:2.2.3] AndroidManifest.xml:26:13-74
193            android:exported="false" />
193-->[androidx.room:room-runtime:2.2.3] AndroidManifest.xml:27:13-37
194
195        <receiver
195-->[com.google.firebase:firebase-iid:21.0.0] AndroidManifest.xml:37:9-44:20
196            android:name="com.google.firebase.iid.FirebaseInstanceIdReceiver"
196-->[com.google.firebase:firebase-iid:21.0.0] AndroidManifest.xml:38:13-78
197            android:exported="true"
197-->[com.google.firebase:firebase-iid:21.0.0] AndroidManifest.xml:39:13-36
198            android:permission="com.google.android.c2dm.permission.SEND" >
198-->[com.google.firebase:firebase-iid:21.0.0] AndroidManifest.xml:40:13-73
199            <intent-filter>
199-->[com.google.firebase:firebase-iid:21.0.0] AndroidManifest.xml:41:13-43:29
200                <action android:name="com.google.android.c2dm.intent.RECEIVE" />
200-->[com.google.firebase:firebase-iid:21.0.0] AndroidManifest.xml:42:17-81
200-->[com.google.firebase:firebase-iid:21.0.0] AndroidManifest.xml:42:25-78
201            </intent-filter>
202        </receiver>
203
204        <provider
204-->[com.google.firebase:firebase-common:19.4.0] AndroidManifest.xml:26:9-31:39
205            android:name="com.google.firebase.provider.FirebaseInitProvider"
205-->[com.google.firebase:firebase-common:19.4.0] AndroidManifest.xml:27:13-77
206            android:authorities="com.example.Msme_kart.firebaseinitprovider"
206-->[com.google.firebase:firebase-common:19.4.0] AndroidManifest.xml:28:13-72
207            android:directBootAware="true"
207-->[com.google.firebase:firebase-common:19.4.0] AndroidManifest.xml:29:13-43
208            android:exported="false"
208-->[com.google.firebase:firebase-common:19.4.0] AndroidManifest.xml:30:13-37
209            android:initOrder="100" />
209-->[com.google.firebase:firebase-common:19.4.0] AndroidManifest.xml:31:13-36
210
211        <activity
211-->[com.google.android.gms:play-services-base:17.1.0] AndroidManifest.xml:23:9-26:75
212            android:name="com.google.android.gms.common.api.GoogleApiActivity"
212-->[com.google.android.gms:play-services-base:17.1.0] AndroidManifest.xml:24:13-79
213            android:exported="false"
213-->[com.google.android.gms:play-services-base:17.1.0] AndroidManifest.xml:25:13-37
214            android:theme="@android:style/Theme.Translucent.NoTitleBar" />
214-->[com.google.android.gms:play-services-base:17.1.0] AndroidManifest.xml:26:13-72
215
216        <receiver
216-->[com.google.android.gms:play-services-measurement:18.0.0] AndroidManifest.xml:29:9-33:20
217            android:name="com.google.android.gms.measurement.AppMeasurementReceiver"
217-->[com.google.android.gms:play-services-measurement:18.0.0] AndroidManifest.xml:30:13-85
218            android:enabled="true"
218-->[com.google.android.gms:play-services-measurement:18.0.0] AndroidManifest.xml:31:13-35
219            android:exported="false" >
219-->[com.google.android.gms:play-services-measurement:18.0.0] AndroidManifest.xml:32:13-37
220        </receiver>
221
222        <service
222-->[com.google.android.gms:play-services-measurement:18.0.0] AndroidManifest.xml:35:9-38:40
223            android:name="com.google.android.gms.measurement.AppMeasurementService"
223-->[com.google.android.gms:play-services-measurement:18.0.0] AndroidManifest.xml:36:13-84
224            android:enabled="true"
224-->[com.google.android.gms:play-services-measurement:18.0.0] AndroidManifest.xml:37:13-35
225            android:exported="false" />
225-->[com.google.android.gms:play-services-measurement:18.0.0] AndroidManifest.xml:38:13-37
226        <service
226-->[com.google.android.gms:play-services-measurement:18.0.0] AndroidManifest.xml:39:9-43:72
227            android:name="com.google.android.gms.measurement.AppMeasurementJobService"
227-->[com.google.android.gms:play-services-measurement:18.0.0] AndroidManifest.xml:40:13-87
228            android:enabled="true"
228-->[com.google.android.gms:play-services-measurement:18.0.0] AndroidManifest.xml:41:13-35
229            android:exported="false"
229-->[com.google.android.gms:play-services-measurement:18.0.0] AndroidManifest.xml:42:13-37
230            android:permission="android.permission.BIND_JOB_SERVICE" />
230-->[com.google.android.gms:play-services-measurement:18.0.0] AndroidManifest.xml:43:13-69
231
232        <meta-data
232-->[com.google.android.gms:play-services-basement:17.1.1] AndroidManifest.xml:23:9-25:69
233            android:name="com.google.android.gms.version"
233-->[com.google.android.gms:play-services-basement:17.1.1] AndroidManifest.xml:24:13-58
234            android:value="@integer/google_play_services_version" />
234-->[com.google.android.gms:play-services-basement:17.1.1] AndroidManifest.xml:25:13-66
235
236        <service
236-->[com.google.android.datatransport:transport-backend-cct:2.2.0] AndroidManifest.xml:29:9-35:19
237            android:name="com.google.android.datatransport.runtime.backends.TransportBackendDiscovery"
237-->[com.google.android.datatransport:transport-backend-cct:2.2.0] AndroidManifest.xml:30:13-103
238            android:exported="false" >
238-->[com.google.android.datatransport:transport-backend-cct:2.2.0] AndroidManifest.xml:31:13-37
239            <meta-data
239-->[com.google.android.datatransport:transport-backend-cct:2.2.0] AndroidManifest.xml:32:13-34:39
240                android:name="backend:com.google.android.datatransport.cct.CctBackendFactory"
240-->[com.google.android.datatransport:transport-backend-cct:2.2.0] AndroidManifest.xml:33:17-94
241                android:value="cct" />
241-->[com.google.android.datatransport:transport-backend-cct:2.2.0] AndroidManifest.xml:34:17-36
242        </service>
243        <service
243-->[com.google.android.datatransport:transport-runtime:2.2.0] AndroidManifest.xml:26:9-30:19
244            android:name="com.google.android.datatransport.runtime.scheduling.jobscheduling.JobInfoSchedulerService"
244-->[com.google.android.datatransport:transport-runtime:2.2.0] AndroidManifest.xml:27:13-117
245            android:exported="false"
245-->[com.google.android.datatransport:transport-runtime:2.2.0] AndroidManifest.xml:28:13-37
246            android:permission="android.permission.BIND_JOB_SERVICE" >
246-->[com.google.android.datatransport:transport-runtime:2.2.0] AndroidManifest.xml:29:13-69
247        </service>
248
249        <receiver
249-->[com.google.android.datatransport:transport-runtime:2.2.0] AndroidManifest.xml:32:9-34:40
250            android:name="com.google.android.datatransport.runtime.scheduling.jobscheduling.AlarmManagerSchedulerBroadcastReceiver"
250-->[com.google.android.datatransport:transport-runtime:2.2.0] AndroidManifest.xml:33:13-132
251            android:exported="false" />
251-->[com.google.android.datatransport:transport-runtime:2.2.0] AndroidManifest.xml:34:13-37
252    </application>
253
254</manifest>